<?xml version="1.0" encoding="UTF-8"?>
<!-- Generated by org.testng.reporters.JUnitXMLReporter -->
<testsuite ignored="0" hostname="DESKTOP-KMAPQ0R" failures="0" tests="3" name="Surefire test" time="46.904" errors="0" timestamp="2023-07-05T23:27:28 IST">
  <testcase classname="actitime.testScript.AlertHandlingTest" name="alertHandle" time="7.017"/>
  <testcase classname="actitime.testScript.CustomerCreationTest" name="createCustomer" time="7.493"/>
  <testcase classname="actitime.testScript.DropDownTest" name="generalSettings" time="5.796"/>
</testsuite> <!-- Surefire test -->
