<?xml version="1.0" encoding="UTF-8"?>
<testng-results ignored="0" total="1" passed="1" failed="0" skipped="0">
  <reporter-output>
    <line>
      <![CDATA[MODIFICATIONS NOT SAVED]]>
    </line>
  </reporter-output>
  <suite started-at="2023-07-05T19:58:04 IST" name="Default suite" finished-at="2023-07-05T19:58:24 IST" duration-ms="19215">
    <groups>
    </groups>
    <test started-at="2023-07-05T19:58:04 IST" name="Default test" finished-at="2023-07-05T19:58:24 IST" duration-ms="19215">
      <class name="actitime.testScript.DropDown">
        <test-method is-config="true" signature="launchBrowser()[pri:0, instance:actitime.testScript.DropDown@27406a17]" started-at="2023-07-05T19:58:04 IST" name="launchBrowser" finished-at="2023-07-05T19:58:08 IST" duration-ms="3444" status="PASS">
          <reporter-output>
          </reporter-output>
        </test-method> <!-- launchBrowser -->
        <test-method is-config="true" signature="login()[pri:0, instance:actitime.testScript.DropDown@27406a17]" started-at="2023-07-05T19:58:08 IST" name="login" finished-at="2023-07-05T19:58:16 IST" duration-ms="8008" status="PASS">
          <reporter-output>
          </reporter-output>
        </test-method> <!-- login -->
        <test-method signature="generalSettings()[pri:0, instance:actitime.testScript.DropDown@27406a17]" started-at="2023-07-05T19:58:16 IST" name="generalSettings" finished-at="2023-07-05T19:58:23 IST" duration-ms="7234" status="PASS">
          <reporter-output>
            <line>
              <![CDATA[MODIFICATIONS NOT SAVED]]>
            </line>
          </reporter-output>
        </test-method> <!-- generalSettings -->
        <test-method is-config="true" signature="logout()[pri:0, instance:actitime.testScript.DropDown@27406a17]" started-at="2023-07-05T19:58:23 IST" name="logout" finished-at="2023-07-05T19:58:23 IST" duration-ms="86" status="PASS">
          <reporter-output>
          </reporter-output>
        </test-method> <!-- logout -->
        <test-method is-config="true" signature="close()[pri:0, instance:actitime.testScript.DropDown@27406a17]" started-at="2023-07-05T19:58:23 IST" name="close" finished-at="2023-07-05T19:58:24 IST" duration-ms="354" status="PASS">
          <reporter-output>
          </reporter-output>
        </test-method> <!-- close -->
      </class> <!-- actitime.testScript.DropDown -->
    </test> <!-- Default test -->
  </suite> <!-- Default suite -->
</testng-results>
